<?xml version="1.0" encoding="utf-8"?>
<!-- Test schema. -->
<schema edition="test" group="test">
  <locations>
    <location id="all">any non-apparatus text.</location>
  </locations>
  <tags>
    <tag name="NOATTR" where="all">
      <desc>Tag with no attributes.</desc>
    </tag>
    <tag name="ONEATTR" where="all">
      <desc>tag with one attribute</desc>
      <attribute name="n" type="number" renumber="yes">
        <desc>one renumberable number attribute</desc>
      </attribute>
    </tag>
    <tag name="TWOATTRS" where="all">
      <desc>tag with two attributes</desc>
      <attribute name="n" type="string" renumber="yes">
        <desc>one string attribute</desc>
      </attribute>
      <attribute name="b" type="string" renumber="yes">
        <desc>one more string attribute.</desc>
      </attribute>
    </tag>
    <tag name="DEPAT" where="all">
      <desc>tag with depreciated attribute</desc>
      <attribute name="foo" depreciated="no no no">
        <desc>depreciated attribute</desc>
      </attribute>
    </tag>
  </tags>
</schema>
