<?xml version="1.0" encoding="utf-8"?>
<!-- Test schema. -->
<schema edition="test" group="test">
  <locations>
    <location id="all">any non-apparatus text.</location>
  </locations>
  <tags>
    <tag name="NOATTR" where="all">
      <desc>Tag with no attributes.</desc>
    </tag>
    <tag name="ONEATTR" where="all">
      <desc>tag with one attribute</desc>
      <attribute name="n" type="number" renumber="yes">
        <desc>one renumberable number attribute</desc>
      </attribute>
    </tag>
    <tag name="TWOATTRS" where="all">
      <desc>tag with two attributes</desc>
      <attribute name="n" type="string" renumber="no">
        <desc>one string attribute</desc>
      </attribute>
      <attribute name="b" type="string" renumber="no">
        <desc>one more string attribute.</desc>
      </attribute>
    </tag>
    <tag name="DEPAT" where="all">
      <desc>tag with depreciated attribute</desc>
      <attribute name="foo" depreciated="no no no">
        <desc>depreciated attribute</desc>
      </attribute>
    </tag>
    <tag name="EMPTY" empty="yes" where="all">
      <desc>A tag required to be empty.</desc>
    </tag>
    <tag name="OPT" empty="optional" where="all">
      <desc>A tag allowed to be empty.</desc>
    </tag>
    <tag name="DEPTAG" empty="optional" depreciated="no more using." where="all">
      <desc>A depreciated tag.</desc>
    </tag>
    <tag name="SEL" empty="optionl" where="all">
      <desc>A tag with a select attribute.</desc>
      <attribute name="opt" type="select">
        <desc>A select attribute for testing.</desc>
        <option>thyme</option>
        <option>rosemary</option>
        <option>mint</option>
        <option>savory</option>
        <option>sage</option>
        <option>basil</option>
      </attribute>
    </tag>
    <tag name="LIST" empty="optionl" where="all">
      <desc>A tag with a list attribute.</desc>
      <attribute name="items" type="list">
        <desc>A list attribute for testing.</desc>
        <option>earth</option>
        <option>air</option>
        <option>wind</option>
        <option>fire</option>
        <option>smiles</option>
        <option>basil</option>
      </attribute>
    </tag>    
  </tags>
</schema>
